0 info it worked if it ends with ok
1 verbose cli [ 'c:\\Program Files\\nodejs\\node.exe',
1 verbose cli   'c:\\Program Files\\nodejs\\node_modules\\npm\\bin\\npm-cli.js',
1 verbose cli   'install',
1 verbose cli   'node-jwt-simple' ]
2 info using npm@1.4.28
3 info using node@v0.10.35
4 verbose readDependencies using package.json deps
5 verbose cache add [ 'node-jwt-simple', null ]
6 verbose cache add name=undefined spec="node-jwt-simple" args=["node-jwt-simple",null]
7 verbose parsed url { protocol: null,
7 verbose parsed url   slashes: null,
7 verbose parsed url   auth: null,
7 verbose parsed url   host: null,
7 verbose parsed url   port: null,
7 verbose parsed url   hostname: null,
7 verbose parsed url   hash: null,
7 verbose parsed url   search: null,
7 verbose parsed url   query: null,
7 verbose parsed url   pathname: 'node-jwt-simple',
7 verbose parsed url   path: 'node-jwt-simple',
7 verbose parsed url   href: 'node-jwt-simple' }
8 silly lockFile eb5b9c23-node-jwt-simple node-jwt-simple
9 verbose lock node-jwt-simple C:\Users\f0rza\AppData\Roaming\npm-cache\eb5b9c23-node-jwt-simple.lock
10 silly lockFile eb5b9c23-node-jwt-simple node-jwt-simple
11 silly lockFile eb5b9c23-node-jwt-simple node-jwt-simple
12 verbose addNamed [ 'node-jwt-simple', '' ]
13 verbose addNamed [ null, '*' ]
14 silly lockFile 9cc1bad9-node-jwt-simple node-jwt-simple@
15 verbose lock node-jwt-simple@ C:\Users\f0rza\AppData\Roaming\npm-cache\9cc1bad9-node-jwt-simple.lock
16 silly addNameRange { name: 'node-jwt-simple', range: '*', hasData: false }
17 verbose request where is /node-jwt-simple
18 verbose request registry https://registry.npmjs.org/
19 verbose request id e03a6b4ca54cec9a
20 verbose url raw /node-jwt-simple
21 verbose url resolving [ 'https://registry.npmjs.org/', './node-jwt-simple' ]
22 verbose url resolved https://registry.npmjs.org/node-jwt-simple
23 verbose request where is https://registry.npmjs.org/node-jwt-simple
24 info trying registry request attempt 1 at 22:03:51
25 http GET https://registry.npmjs.org/node-jwt-simple
26 http 404 https://registry.npmjs.org/node-jwt-simple
27 verbose headers { date: 'Wed, 21 Jan 2015 20:03:52 GMT',
27 verbose headers   server: 'CouchDB/1.5.0 (Erlang OTP/R14B04)',
27 verbose headers   'content-type': 'application/json',
27 verbose headers   'cache-control': 'max-age=0',
27 verbose headers   'content-length': '52',
27 verbose headers   'accept-ranges': 'bytes',
27 verbose headers   via: '1.1 varnish',
27 verbose headers   age: '0',
27 verbose headers   'x-served-by': 'cache-fra1243-FRA',
27 verbose headers   'x-cache': 'MISS',
27 verbose headers   'x-cache-hits': '0',
27 verbose headers   'x-timer': 'S1421870632.253369,VS0,VE117',
27 verbose headers   'keep-alive': 'timeout=10, max=50',
27 verbose headers   connection: 'Keep-Alive' }
28 silly registry.get cb [ 404,
28 silly registry.get   { date: 'Wed, 21 Jan 2015 20:03:52 GMT',
28 silly registry.get     server: 'CouchDB/1.5.0 (Erlang OTP/R14B04)',
28 silly registry.get     'content-type': 'application/json',
28 silly registry.get     'cache-control': 'max-age=0',
28 silly registry.get     'content-length': '52',
28 silly registry.get     'accept-ranges': 'bytes',
28 silly registry.get     via: '1.1 varnish',
28 silly registry.get     age: '0',
28 silly registry.get     'x-served-by': 'cache-fra1243-FRA',
28 silly registry.get     'x-cache': 'MISS',
28 silly registry.get     'x-cache-hits': '0',
28 silly registry.get     'x-timer': 'S1421870632.253369,VS0,VE117',
28 silly registry.get     'keep-alive': 'timeout=10, max=50',
28 silly registry.get     connection: 'Keep-Alive' } ]
29 silly lockFile 9cc1bad9-node-jwt-simple node-jwt-simple@
30 silly lockFile 9cc1bad9-node-jwt-simple node-jwt-simple@
31 error 404 404 Not Found: node-jwt-simple
31 error 404
31 error 404 'node-jwt-simple' is not in the npm registry.
31 error 404 You should bug the author to publish it
31 error 404 It was specified as a dependency of 'srtv2015'
31 error 404
31 error 404 Maybe try 'npm search jwt simple'
31 error 404
31 error 404 Note that you can also install from a
31 error 404 tarball, folder, or http url, or git url.
32 error System Windows_NT 6.2.9200
33 error command "c:\\Program Files\\nodejs\\node.exe" "c:\\Program Files\\nodejs\\node_modules\\npm\\bin\\npm-cli.js" "install" "node-jwt-simple"
34 error cwd c:\Users\f0rza\srtv2015
35 error node -v v0.10.35
36 error npm -v 1.4.28
37 error code E404
38 verbose exit [ 1, true ]
